supreme court orders return of maryland man deported to el salvador
abrego garcia , 29 , was deported to the el salvadoran last month for being an allegedms - 13 gang member , but his attorneys maintain he does not have any gang ties .
u . s . district judge paula xinis ordered federal officials to coordinate his return back to maryland in a monday order , calling his deportation " wholly unlawful . " on thursday , the supreme court sided with xinis .
" on march 15 , 2025 , the united states removed kilmar armando abrego garcia from the united states to el salvador , where he is currently detained in the center for terrorism confinement ( cecot ) , " the order states .
" the united states reported that abrego garcia was subject to a withholding order forbidding his removal to el salvador , and that the removal to el salvador was therefore illegal . "
this photo provided by murray osorio pllc shows kilmar abrego garcia .
justice sonia sotomayor she said she " would have declined to intervene in this litigation and denied the application in full . "
" nevertheless , i agree with the court \xe2\x80\x99 s order that the proper remedy is to provide abrego garcia with all the processes to which he would have been entitled had he not been unlawfully removed to el salvador , " sotomayor wrote .
" that means the government must comply with its obligation to provide abrego garcia with \xe2\x80\x98 due process of law , \xe2\x80\x99 including notice and an opportunity to be heard , in any future proceedings . "
the high courtfurt said it " properly requires the government to \' facilitate \' abrego garcia \' s release from custody in el salvador and to ensure that his case is handled as it would have been had he not been improperly sent to el salvador . "
in this undated photo provided by the u . s . district court for the district of maryland , a man identified by jennifer vasquez sura as her husband , kilmar abrego garcia , is led by force by guards through the terrorism confinement center in tecoluca , el salvador .
the justice department responded to the order in a statement to fox news in a statement .
" as the supreme court recognized , it is the exclusive prerogative of the president to conduct foreign affairs , " the statement says .
" by directly noting the deference owed to the executive branch , this ruling once again illustrates that activist judges do not have the jurisdiction to seize control of the president \xe2\x80\x99 s authority to conduct foreign policy . "
federal court filings abrego garcia had fled el salvador to escape gang violence .
starting around 2006 , gang members " stalked , hit , and threatened to kidnap and kill him in order to coerce his parents to succumb to their increasing demands for extortion . "
he entered the statesillegally in 2011 and traveled to maryland , where his older brother , a u . s . citizen , lived .
around 2016 , abrego garcia became involved with a female u . s . citizen \xe2\x80\x94 jennifer vasquez sura \xe2\x80\x94 and her two children , also u . s . citizens .
they moved in together and the woman became pregnant with his child .
abrego garcia worked in the construction industry to support his family , court filings .
on march 28 , 2019 , abrego garcia went to a home depot in hyattsville , maryland , to solicit employment and was recruited by three other men .
prince george county police department soon arrived at the scene and detained all four men .
a prison guard transfers deportees from the u . s . to the terrorism center in tecoluca , el salvador , on sunday .
" at the police station , the four young men were placed into different rooms and questioned .
plaintiff abrego garcia was asked if he was a gang member ; when he told police he was not , they said that they did not believe him and repeatedly demanded that he provide information about other gang members , " court documents state .
" the police told plaintiff abrego garcia that he would be released if he cooperated , but he repeatedly stated that he did not have any information to give because he did not know anything . "
a judge later granted his release , and abrego garcia married his wife in 2019 .
he did , however , miss the birth of his child while in federal custody , the federal complaint .
abrego garcia was arrested in baltimore on march 12 after he worked a shift as a sheet metal apprentice in baltimore and picked up his 5 - year - old son , who has autism and other disabilities , from his grandmother \xe2\x80\x99 s house , the complaint says .
