Florida universities join statewide push to partner with ice on immigration enforcement
several universities in Florida have signed agreements to cooperate with immigration and customs enforcement amid an ongoing push by state leaders to aid the Trump administration \xe2\x80\x99 s on immigration.
The University of Florida said Friday it has signed the 287 (g) agreement that allows local law enforcement to act as immigration officers.
\xe2\x80\x9c we can confirm that we have signed the 287 (g) agreement, \xe2\x80\x9d a spokesperson for the university told CNN.
Under the agreement, ice delegates to local officers the authority to perform specified immigration officer functions under the agency \xe2\x80\x99 s direction and oversight, \xe2\x80\x9d according to the department of homeland security.
The move comes as the Trump administration continues to target foreign nationals affiliated with American universities.
The earliest high - profile cases focused on those accused of supporting terror organizations, as was the case with Mahmoud Khalil \xe2\x80\x99 s arrest following protests at Columbia University.
More than 500 student visas revoked as the government for deportation reasons for deportation
by CNN \xe2\x80\x99 s count, more than 525 students, faculty and researchers across 88 colleges and universities have had their visas revoked this year, as an increasing number of student deportation threats involve the revocation of visas based on relatively minor offenses like years - old misdemeanors.
Four University of Florida students have had their visas revoked, the university \xe2\x80\x99 s director of public affairs told CNN Friday.
The prospect of increased immigration enforcement could cause additional changes on the University of Florida campus.
On Wednesday, crowds gathered there to protest the deportation of a Colombian student, according to CNN affiliate CJB.
Demonstrators said international students are afraid after tHe deportation, CJB reported.
The agreement in Florida allows local officers to question those they suspect of being in the country illegally and \xe2\x80\x9c to serve and execute warrants of arrest for immigration violations, \xe2\x80\x9d according to a statement from gov. Ron DeSantis in February about other law enforcement agencies in the state who signed similar agreements.
A spokesperson for the governor \xe2\x80\x99 s office on Saturday referred questions to the florid aboard of governors, the governing body of the state university system.
Several police departments at universities within the state university system of Florida are partnering with u. s. Immigration and customs enforcement, spokesperson Cassandra Edwards said in an email.
\xe2\x80\x9c or more liberal university police departments are always encouraged to collaborate with other law enforcement entities to enforce state and federal law.
The University of South Florida has entered into an agreement with ice, a university spokesperson told CNN Saturday.
\xe2\x80\x9c all state law enforcement agencies, including SFPD and the police departments at other state universities, are expected to follow the governor \xe2\x80\x99 s directive from February to enter into agreements with u. s. Immigration and customs enforcement, spokesperson Michael LaBelle said.
\xe2\x80\x9c USF regularly works with local, state and federal law enforcement agencies to help maintain the safety of the university community and the security of campuses.
The University of Central Florida has also signed an agreement with ice, according to CNN affiliate FTV.
CNN reached out to Florida International University and Florida Atlantic university about news reports their campus police have done the same.
Across Florida, 200 state, county and municipal law enforcement agencies have entered into 287 (g) agreements with ice, and more than 40 others have agreements pending, according to DHS.
