Supreme court orders return of Maryland man deported to El Salvador
Argo Garcia, 29, was deported to the El Salvador last month for being an allege dms - 13 gang member, but his attorneys maintain he does not have any gang ties.
u. s. District judge Paula minis ordered federal officials to coordinate his return back to Maryland in a Monday order, calling his deportation" wholly unlawful. " On Thursday, the supreme court sided with minis.
" On March 15, 2025, the United States removed Kalmar Armando Argo Garcia from the United States to El Salvador, where he is currently detained in the center for terrorism confinement (CECOM) ," the order states.
" The United States reported that Argo Garcia was subject to a withholding order forbidding his removal to El Salvador, and that the removal to El Salvador was therefore illegal. "
This photo provided by Murray Osorio LLC shows Kalmar Argo Garcia.
Justice Sonia Sotomayor she said she" would have declined to intervene in this litigation and denied the application in full. "
" nevertheless, I agree with the court \xe2\x80\x99 s order that the proper remedy is to provide Argo Garcia with all the processes to which he would have been entitled had he not been unlawfully removed to El Salvador, " Sotomayor wrote.
" That means the government must comply with its obligation to provide Argo Garcia with \xe2\x80\x98 due process of law, \xe2\x80\x99 including notice and an opportunity to be heard, in any future proceedings. "
The high courtyard said it" properly requires the government to \' facilitate \' Argo Garcia \' s release from custody in El Salvador and to ensure that his case is handled as it would have been had he not been improperly sent to El Salvador. "
In this undated photo provided by the u. s. District court for the district of Maryland, a man identified by Jennifer Vasquez sura as her husband, Kalmar Argo Garcia, is led by force by guards through the terrorism coneElement center in Toluca, El Salvador.
The justice department responded to the order in a statement to Fox News in a statement.
" As the supreme court recognized, it is the exclusive prerogative of the president to conduct foreign affairs, " the statement says.
" By directly noting the deference owed to the executive branch, this ruling once again illustrates that activist judges do not have the jurisdiction to seize control of the president \xe2\x80\x99 s authority to conduct foreign policy. "
Federal court filings Argo Garcia had fled El Salvador to escape gang violence.
Starting around 2006, gang members" stalked, hit, and threatened to kidnap and kill him in order to coerce his parents to succumb to their increasing demands for extortion. "
He entered the states illegally in 2011 and traveled to Maryland, where his older brother, an u. s. Citizen, lived.
Around 2016, Argo Garcia became involved with a female u. s. Citizen \xe2\x80\x94 Jennifer Vasquez sura \xe2\x80\x94 and her two children, also u. s. Citizens.
They moved in together and the woman became pregnant with his child.
Argo Garcia worked in the construction industry to support his family, court filings.
On March 28, 2019, Argo Garcia went to a Home Depot in Hyattsville, Maryland, to solicit employment and was recruited by three other men.
Prince George county police department soon arrived at the scene and detained all four men.
A prison guard transfers deportees from the u. s. To the terrorism center in Toluca, El Salvador, on Sunday.
" At the police station, the four young men were placed into different rooms and questioned.
Plaintiff Argo Garcia was asked if he was a gang member ; when he told police he was not, they said that they did not believe him and repeatedly demanded that he provide information about other gang members, " court documents state.
" The police told plaintiff Argo Garcia that he would be released if he cooperated, but He repeatedly stated that he did not have any information to give because he did not know anything. "
A judge later granted his release, and Argo Garcia married his wife in 2019.
He did, however, miss the birth of his child while in federal custody, the federal complaint.
Argo Garcia was arrested in Baltimore on March 12 after he worked a shift as a sheet metal apprentice in Baltimore and picked up his 5 - year - old son, who has autism and other disabilities, from his grandmother \xe2\x80\x99 s house, the complaint says.
